This is pdfTeX, Version 3.14159265-2.6-1.40.20 (TeX Live 2019/Debian) (preloaded format=pdflatex 2021.10.1)  2 OCT 2021 16:49
entering extended mode
 restricted \write18 enabled.
 %&-line parsing enabled.
**beispiel1.tex
(./beispiel1.tex
LaTeX2e <2020-02-02> patch level 2
L3 programming layer <2020-02-14>
(/usr/share/texlive/texmf-dist/tex/latex/koma-script/scrartcl.cls
Document Class: scrartcl 2020/01/24 v3.29 KOMA-Script document class (article)
(/usr/share/texlive/texmf-dist/tex/latex/koma-script/scrkbase.sty
Package: scrkbase 2020/01/24 v3.29 KOMA-Script package (KOMA-Script-dependent b
asics and keyval usage)

(/usr/share/texlive/texmf-dist/tex/latex/koma-script/scrbase.sty
Package: scrbase 2020/01/24 v3.29 KOMA-Script package (KOMA-Script-independent 
basics and keyval usage)

(/usr/share/texlive/texmf-dist/tex/latex/graphics/keyval.sty
Package: keyval 2014/10/28 v1.15 key=value parser (DPC)
\KV@toks@=\toks14
)
(/usr/share/texlive/texmf-dist/tex/latex/koma-script/scrlfile.sty
Package: scrlfile 2020/01/24 v3.29 KOMA-Script package (loading files)
)))
(/usr/share/texlive/texmf-dist/tex/latex/koma-script/tocbasic.sty
Package: tocbasic 2020/01/24 v3.29 KOMA-Script package (handling toc-files)
\scr@dte@tocline@numberwidth=\skip47
\scr@dte@tocline@numbox=\box45
)
Package tocbasic Info: omitting babel extension for `toc'
(tocbasic)             because of feature `nobabel' available
(tocbasic)             for `toc' on input line 137.
Class scrartcl Info: File `scrsize11pt.clo' used instead of
(scrartcl)           file `scrsize11.clo' to setup font sizes on input line 221
2.

(/usr/share/texlive/texmf-dist/tex/latex/koma-script/scrsize11pt.clo
File: scrsize11pt.clo 2020/01/24 v3.29 KOMA-Script font size class option (11pt
)
)
(/usr/share/texlive/texmf-dist/tex/latex/koma-script/typearea.sty
Package: typearea 2020/01/24 v3.29 KOMA-Script package (type area)
\ta@bcor=\skip48
\ta@div=\count167
Package typearea Info: You've used standard option `pdftex'.
(typearea)             This is correct!
(typearea)             Internally I'm using `pagesize=pdftex'.
(typearea)             If you'd like to set the option with \KOMAoptions,
(typearea)             you'd have to use `pagesize=pdftex' there
(typearea)             instead of `pdftex', too.
Package typearea Info: You've used standard option `a4paper'.
(typearea)             This is correct!
(typearea)             Internally I'm using `paper=a4'.
(typearea)             If you'd like to set the option with \KOMAoptions,
(typearea)             you'd have to use `paper=a4' there
(typearea)             instead of `a4paper', too.
\ta@hblk=\skip49
\ta@vblk=\skip50
\ta@temp=\skip51
\footheight=\skip52
Package typearea Info: These are the values describing the layout:
(typearea)             DIV  = 10
(typearea)             BCOR = 0.0pt
(typearea)             \paperwidth      = 597.50793pt
(typearea)              \textwidth      = 418.25555pt
(typearea)              DIV departure   = -6%
(typearea)              \evensidemargin = 17.3562pt
(typearea)              \oddsidemargin  = 17.3562pt
(typearea)             \paperheight     = 845.04694pt
(typearea)              \textheight     = 595.80026pt
(typearea)              \topmargin      = -25.16531pt
(typearea)              \headheight     = 17.0pt
(typearea)              \headsep        = 20.40001pt
(typearea)              \topskip        = 11.0pt
(typearea)              \footskip       = 47.6pt
(typearea)              \baselineskip   = 13.6pt
(typearea)              on input line 1719.
)
\c@part=\count168
\c@section=\count169
\c@subsection=\count170
\c@subsubsection=\count171
\c@paragraph=\count172
\c@subparagraph=\count173
\scr@dte@section@maxnumwidth=\skip53
Class scrartcl Info: using compatibility default `runin=bysign'
(scrartcl)           for `\section on input line 4723.
Class scrartcl Info: using compatibility default `afterindent=bysign'
(scrartcl)           for `\section on input line 4723.
\scr@dte@part@maxnumwidth=\skip54
Class scrartcl Info: using compatibility default `afterindent=false'
(scrartcl)           for `\part on input line 4731.
\scr@dte@subsection@maxnumwidth=\skip55
Class scrartcl Info: using compatibility default `runin=bysign'
(scrartcl)           for `\subsection on input line 4741.
Class scrartcl Info: using compatibility default `afterindent=bysign'
(scrartcl)           for `\subsection on input line 4741.
\scr@dte@subsubsection@maxnumwidth=\skip56
Class scrartcl Info: using compatibility default `runin=bysign'
(scrartcl)           for `\subsubsection on input line 4751.
Class scrartcl Info: using compatibility default `afterindent=bysign'
(scrartcl)           for `\subsubsection on input line 4751.
\scr@dte@paragraph@maxnumwidth=\skip57
Class scrartcl Info: using compatibility default `runin=bysign'
(scrartcl)           for `\paragraph on input line 4761.
Class scrartcl Info: using compatibility default `afterindent=bysign'
(scrartcl)           for `\paragraph on input line 4761.
\scr@dte@subparagraph@maxnumwidth=\skip58
Class scrartcl Info: using compatibility default `runin=bysign'
(scrartcl)           for `\subparagraph on input line 4771.
Class scrartcl Info: using compatibility default `afterindent=bysign'
(scrartcl)           for `\subparagraph on input line 4771.
\abovecaptionskip=\skip59
\belowcaptionskip=\skip60
\c@pti@nb@sid@b@x=\box46
Package tocbasic Info: omitting babel extension for `lof'
(tocbasic)             because of feature `nobabel' available
(tocbasic)             for `lof' on input line 6002.
\scr@dte@figure@maxnumwidth=\skip61
\c@figure=\count174
Package tocbasic Info: omitting babel extension for `lot'
(tocbasic)             because of feature `nobabel' available
(tocbasic)             for `lot' on input line 6014.
\scr@dte@table@maxnumwidth=\skip62
\c@table=\count175
Class scrartcl Info: Redefining `\numberline' on input line 6178.
\bibindent=\dimen134
)
(/usr/share/texlive/texmf-dist/tex/generic/german/ngerman.sty v2.5e 1998-07-08
Package: ngerman 1998/07/08 v2.5e Support for writing german texts (br)
\grmnU@D=\dimen135
ngerman -- \language number for naustrian undefined, default 6 used.
ngerman -- \language number for French undefined, default 255 used.
) (/usr/share/texlive/texmf-dist/tex/latex/base/inputenc.sty
Package: inputenc 2018/08/11 v1.3c Input encoding file
\inpenc@prehook=\toks15
\inpenc@posthook=\toks16
)
(/usr/share/texlive/texmf-dist/tex/latex/base/fontenc.sty
Package: fontenc 2020/02/11 v2.0o Standard LaTeX package
)
(/usr/share/texlive/texmf-dist/tex/latex/tools/array.sty
Package: array 2019/08/31 v2.4l Tabular extension package (FMi)
\col@sep=\dimen136
\ar@mcellbox=\box47
\extrarowheight=\dimen137
\NC@list=\toks17
\extratabsurround=\skip63
\backup@length=\skip64
\ar@cellbox=\box48
)
(/usr/share/texlive/texmf-dist/tex/latex/graphics/graphicx.sty
Package: graphicx 2019/11/30 v1.2a Enhanced LaTeX Graphics (DPC,SPQR)

(/usr/share/texlive/texmf-dist/tex/latex/graphics/graphics.sty
Package: graphics 2019/11/30 v1.4a Standard LaTeX Graphics (DPC,SPQR)

(/usr/share/texlive/texmf-dist/tex/latex/graphics/trig.sty
Package: trig 2016/01/03 v1.10 sin cos tan (DPC)
)
(/usr/share/texlive/texmf-dist/tex/latex/graphics-cfg/graphics.cfg
File: graphics.cfg 2016/06/04 v1.11 sample graphics configuration
)
Package graphics Info: Driver file: pdftex.def on input line 105.

(/usr/share/texlive/texmf-dist/tex/latex/graphics-def/pdftex.def
File: pdftex.def 2018/01/08 v1.0l Graphics/color driver for pdftex
))
\Gin@req@height=\dimen138
\Gin@req@width=\dimen139
)
(/usr/share/texlive/texmf-dist/tex/latex/l3backend/l3backend-pdfmode.def
File: l3backend-pdfmode.def 2020-02-03 L3 backend support: PDF mode
\l__kernel_color_stack_int=\count176
\l__pdf_internal_box=\box49
)
(./beispiel1.aux

LaTeX Warning: Label `tbl:beispieltabelle1' multiply defined.

)
\openout1 = `beispiel1.aux'.

LaTeX Font Info:    Checking defaults for OML/cmm/m/it on input line 13.
LaTeX Font Info:    ... okay on input line 13.
LaTeX Font Info:    Checking defaults for OMS/cmsy/m/n on input line 13.
LaTeX Font Info:    ... okay on input line 13.
LaTeX Font Info:    Checking defaults for OT1/cmr/m/n on input line 13.
LaTeX Font Info:    ... okay on input line 13.
LaTeX Font Info:    Checking defaults for T1/cmr/m/n on input line 13.
LaTeX Font Info:    ... okay on input line 13.
LaTeX Font Info:    Checking defaults for TS1/cmr/m/n on input line 13.
LaTeX Font Info:    ... okay on input line 13.
LaTeX Font Info:    Checking defaults for OMX/cmex/m/n on input line 13.
LaTeX Font Info:    ... okay on input line 13.
LaTeX Font Info:    Checking defaults for U/cmr/m/n on input line 13.
LaTeX Font Info:    ... okay on input line 13.
 (/usr/share/texlive/texmf-dist/tex/context/base/mkii/supp-pdf.mkii
[Loading MPS to PDF converter (version 2006.09.02).]
\scratchcounter=\count177
\scratchdimen=\dimen140
\scratchbox=\box50
\nofMPsegments=\count178
\nofMParguments=\count179
\everyMPshowfont=\toks18
\MPscratchCnt=\count180
\MPscratchDim=\dimen141
\MPnumerator=\count181
\makeMPintoPDFobject=\count182
\everyMPtoPDFconversion=\toks19
) (/usr/share/texlive/texmf-dist/tex/latex/epstopdf-pkg/epstopdf-base.sty
Package: epstopdf-base 2020-01-24 v2.11 Base part for package epstopdf
Package epstopdf-base Info: Redefining graphics rule for `.eps' on input line 4
85.

(/usr/share/texlive/texmf-dist/tex/latex/latexconfig/epstopdf-sys.cfg
File: epstopdf-sys.cfg 2010/07/13 v1.3 Configuration of (r)epstopdf for TeX Liv
e
))
LaTeX Font Info:    Trying to load font information for T1+cmss on input line 1
6.

(/usr/share/texlive/texmf-dist/tex/latex/base/t1cmss.fd
File: t1cmss.fd 2019/12/16 v2.5j Standard LaTeX font definitions
)
LaTeX Font Info:    External font `cmex10' loaded for size
(Font)              <14.4> on input line 16.
LaTeX Font Info:    External font `cmex10' loaded for size
(Font)              <7> on input line 16.
 (./beispiel1.toc
LaTeX Font Info:    External font `cmex10' loaded for size
(Font)              <10.95> on input line 4.
LaTeX Font Info:    External font `cmex10' loaded for size
(Font)              <8> on input line 4.
LaTeX Font Info:    External font `cmex10' loaded for size
(Font)              <6> on input line 4.
)
\tf@toc=\write3
\openout3 = `beispiel1.toc'.


[1


{/var/lib/texmf/fonts/map/pdftex/updmap/pdftex.map}] [2]
</home/bruno/git/LaTex/sonopacoca.jpeg, id=16, 1204.5pt x 1606.0pt>
File: /home/bruno/git/LaTex/sonopacoca.jpeg Graphic file (type jpg)
<use /home/bruno/git/LaTex/sonopacoca.jpeg>
Package pdftex.def Info: /home/bruno/git/LaTex/sonopacoca.jpeg  used on input l
ine 92.
(pdftex.def)             Requested size: 209.12778pt x 278.8242pt.
 [3 </home/bruno/git/LaTex/sonopacoca.jpeg>] [4] (./beispiel1.aux)

LaTeX Warning: There were multiply-defined labels.

 ) 
Here is how much of TeX's memory you used:
 4215 strings out of 483130
 81359 string characters out of 5963883
 434280 words of memory out of 5000000
 19240 multiletter control sequences out of 15000+600000
 542516 words of font info for 45 fonts, out of 8000000 for 9000
 14 hyphenation exceptions out of 8191
 45i,8n,61p,10124b,269s stack positions out of 5000i,500n,10000p,200000b,80000s
 </home/bruno/.texlive2019/texmf-var/fonts/pk/ljfour/jknappen/ec/ecsx1200.600
pk> </home/bruno/.texlive2019/texmf-var/fonts/pk/ljfour/jknappen/ec/ecbx1095.60
0pk> </home/bruno/.texlive2019/texmf-var/fonts/pk/ljfour/jknappen/ec/tcrm1095.6
00pk> </home/bruno/.texlive2019/texmf-var/fonts/pk/ljfour/jknappen/ec/ecrm1095.
600pk> </home/bruno/.texlive2019/texmf-var/fonts/pk/ljfour/jknappen/ec/ecsx1095
.600pk> </home/bruno/.texlive2019/texmf-var/fonts/pk/ljfour/jknappen/ec/ecsx144
0.600pk> </home/bruno/.texlive2019/texmf-var/fonts/pk/ljfour/jknappen/ec/ecrm14
40.600pk> </home/bruno/.texlive2019/texmf-var/fonts/pk/ljfour/jknappen/ec/ecsx2
074.600pk>
Output written on beispiel1.pdf (4 pages, 170326 bytes).
PDF statistics:
 213 PDF objects out of 1000 (max. 8388607)
 42 compressed objects within 1 object stream
 0 named destinations out of 1000 (max. 500000)
 6 words of extra memory for PDF output out of 10000 (max. 10000000)

